{"D:\\Projekty\\music-nestjs-react\\backend\\src\\app.controller.ts": {"path":"D:\\Projekty\\music-nestjs-react\\backend\\src\\app.controller.ts","statementMap":{"0":{"start":{"line":1,"column":0},"end":{"line":1,"column":56}},"1":{"start":{"line":2,"column":0},"end":{"line":2,"column":43}},"2":{"start":{"line":3,"column":0},"end":{"line":3,"column":47}},"3":{"start":{"line":7,"column":7},"end":{"line":36,"column":null}},"4":{"start":{"line":9,"column":21},"end":{"line":9,"column":33}},"5":{"start":{"line":10,"column":21},"end":{"line":10,"column":26}},"6":{"start":{"line":15,"column":4},"end":{"line":15,"column":45}},"7":{"start":{"line":20,"column":4},"end":{"line":20,"column":41}},"8":{"start":{"line":25,"column":24},"end":{"line":25,"column":64}},"9":{"start":{"line":26,"column":22},"end":{"line":26,"column":73}},"10":{"start":{"line":27,"column":4},"end":{"line":27,"column":43}},"11":{"start":{"line":28,"column":4},"end":{"line":28,"column":45}},"12":{"start":{"line":29,"column":4},"end":{"line":29,"column":23}},"13":{"start":{"line":34,"column":4},"end":{"line":34,"column":47}},"14":{"start":{"line":7,"column":13},"end":{"line":7,"column":26}},"15":{"start":{"line":14,"column":2},"end":{"line":16,"column":null}},"16":{"start":{"line":19,"column":2},"end":{"line":21,"column":null}},"17":{"start":{"line":24,"column":8},"end":{"line":30,"column":null}},"18":{"start":{"line":33,"column":2},"end":{"line":35,"column":null}},"19":{"start":{"line":7,"column":13},"end":{"line":36,"column":null}}},"fnMap":{"0":{"name":"(anonymous_4)","decl":{"start":{"line":8,"column":2},"end":{"line":8,"column":null}},"loc":{"start":{"line":10,"column":40},"end":{"line":11,"column":6}}},"1":{"name":"(anonymous_5)","decl":{"start":{"line":14,"column":2},"end":{"line":14,"column":13}},"loc":{"start":{"line":14,"column":39},"end":{"line":16,"column":3}}},"2":{"name":"(anonymous_6)","decl":{"start":{"line":19,"column":2},"end":{"line":19,"column":13}},"loc":{"start":{"line":19,"column":13},"end":{"line":21,"column":3}}},"3":{"name":"(anonymous_7)","decl":{"start":{"line":24,"column":2},"end":{"line":24,"column":7}},"loc":{"start":{"line":24,"column":45},"end":{"line":30,"column":3}}},"4":{"name":"(anonymous_8)","decl":{"start":{"line":33,"column":2},"end":{"line":33,"column":16}},"loc":{"start":{"line":33,"column":40},"end":{"line":35,"column":3}}}},"branchMap":{},"s":{"0":1,"1":1,"2":1,"3":1,"4":1,"5":1,"6":1,"7":0,"8":0,"9":0,"10":0,"11":0,"12":0,"13":0,"14":1,"15":1,"16":1,"17":1,"18":1,"19":1},"f":{"0":1,"1":1,"2":0,"3":0,"4":0},"b":{}}
,"D:\\Projekty\\music-nestjs-react\\backend\\src\\app.module.ts": {"path":"D:\\Projekty\\music-nestjs-react\\backend\\src\\app.module.ts","statementMap":{"0":{"start":{"line":1,"column":0},"end":{"line":1,"column":40}},"1":{"start":{"line":2,"column":0},"end":{"line":2,"column":49}},"2":{"start":{"line":3,"column":0},"end":{"line":3,"column":43}},"3":{"start":{"line":4,"column":0},"end":{"line":4,"column":39}},"4":{"start":{"line":5,"column":0},"end":{"line":5,"column":57}},"5":{"start":{"line":6,"column":0},"end":{"line":6,"column":28}},"6":{"start":{"line":7,"column":0},"end":{"line":7,"column":49}},"7":{"start":{"line":9,"column":0},"end":{"line":9,"column":47}},"8":{"start":{"line":22,"column":7},"end":{"line":22,"column":null}},"9":{"start":{"line":22,"column":13},"end":{"line":22,"column":22}},"10":{"start":{"line":22,"column":13},"end":{"line":22,"column":null}}},"fnMap":{},"branchMap":{},"s":{"0":0,"1":0,"2":0,"3":0,"4":0,"5":0,"6":0,"7":0,"8":0,"9":0,"10":0},"f":{},"b":{}}
,"D:\\Projekty\\music-nestjs-react\\backend\\src\\app.service.ts": {"path":"D:\\Projekty\\music-nestjs-react\\backend\\src\\app.service.ts","statementMap":{"0":{"start":{"line":1,"column":0},"end":{"line":1,"column":79}},"1":{"start":{"line":2,"column":0},"end":{"line":2,"column":44}},"2":{"start":{"line":18,"column":21},"end":{"line":58,"column":2}},"3":{"start":{"line":60,"column":13},"end":{"line":69,"column":64}},"4":{"start":{"line":71,"column":14},"end":{"line":127,"column":2}},"5":{"start":{"line":130,"column":7},"end":{"line":208,"column":null}},"6":{"start":{"line":131,"column":45},"end":{"line":131,"column":54}},"7":{"start":{"line":133,"column":20},"end":{"line":156,"column":null}},"8":{"start":{"line":158,"column":4},"end":{"line":158,"column":24}},"9":{"start":{"line":162,"column":24},"end":{"line":178,"column":6}},"10":{"start":{"line":180,"column":25},"end":{"line":185,"column":6}},"11":{"start":{"line":187,"column":4},"end":{"line":190,"column":6}},"12":{"start":{"line":194,"column":19},"end":{"line":194,"column":60}},"13":{"start":{"line":195,"column":4},"end":{"line":196,"column":72}},"14":{"start":{"line":196,"column":6},"end":{"line":196,"column":72}},"15":{"start":{"line":198,"column":23},"end":{"line":198,"column":37}},"16":{"start":{"line":199,"column":4},"end":{"line":199,"column":22}},"17":{"start":{"line":203,"column":20},"end":{"line":203,"column":54}},"18":{"start":{"line":204,"column":4},"end":{"line":205,"column":72}},"19":{"start":{"line":205,"column":6},"end":{"line":205,"column":72}},"20":{"start":{"line":206,"column":4},"end":{"line":206,"column":24}},"21":{"start":{"line":130,"column":13},"end":{"line":130,"column":23}},"22":{"start":{"line":130,"column":13},"end":{"line":208,"column":null}}},"fnMap":{"0":{"name":"(anonymous_4)","decl":{"start":{"line":131,"column":2},"end":{"line":131,"column":15}},"loc":{"start":{"line":131,"column":54},"end":{"line":131,"column":58}}},"1":{"name":"(anonymous_5)","decl":{"start":{"line":132,"column":2},"end":{"line":132,"column":7}},"loc":{"start":{"line":132,"column":31},"end":{"line":159,"column":3}}},"2":{"name":"(anonymous_6)","decl":{"start":{"line":161,"column":9},"end":{"line":161,"column":14}},"loc":{"start":{"line":161,"column":26},"end":{"line":191,"column":3}}},"3":{"name":"(anonymous_7)","decl":{"start":{"line":193,"column":9},"end":{"line":193,"column":14}},"loc":{"start":{"line":193,"column":39},"end":{"line":200,"column":3}}},"4":{"name":"(anonymous_8)","decl":{"start":{"line":202,"column":9},"end":{"line":202,"column":14}},"loc":{"start":{"line":202,"column":40},"end":{"line":207,"column":3}}}},"branchMap":{"0":{"loc":{"start":{"line":195,"column":4},"end":{"line":196,"column":72}},"type":"if","locations":[{"start":{"line":195,"column":4},"end":{"line":196,"column":72}}]},"1":{"loc":{"start":{"line":204,"column":4},"end":{"line":205,"column":72}},"type":"if","locations":[{"start":{"line":204,"column":4},"end":{"line":205,"column":72}}]}},"s":{"0":1,"1":1,"2":1,"3":1,"4":1,"5":1,"6":0,"7":0,"8":0,"9":0,"10":0,"11":0,"12":0,"13":0,"14":0,"15":0,"16":0,"17":0,"18":0,"19":0,"20":0,"21":1,"22":1},"f":{"0":0,"1":0,"2":0,"3":0,"4":0},"b":{"0":[0],"1":[0]}}
,"D:\\Projekty\\music-nestjs-react\\backend\\src\\constants.ts": {"path":"D:\\Projekty\\music-nestjs-react\\backend\\src\\constants.ts","statementMap":{"0":{"start":{"line":1,"column":13},"end":{"line":1,"column":45}}},"fnMap":{},"branchMap":{},"s":{"0":1},"f":{},"b":{}}
,"D:\\Projekty\\music-nestjs-react\\backend\\src\\db.module.ts": {"path":"D:\\Projekty\\music-nestjs-react\\backend\\src\\db.module.ts","statementMap":{"0":{"start":{"line":1,"column":0},"end":{"line":1,"column":40}},"1":{"start":{"line":2,"column":0},"end":{"line":2,"column":44}},"2":{"start":{"line":3,"column":0},"end":{"line":3,"column":26}},"3":{"start":{"line":5,"column":0},"end":{"line":5,"column":27}},"4":{"start":{"line":7,"column":19},"end":{"line":16,"column":2}},"5":{"start":{"line":22,"column":7},"end":{"line":22,"column":null}},"6":{"start":{"line":22,"column":13},"end":{"line":22,"column":21}},"7":{"start":{"line":22,"column":13},"end":{"line":22,"column":null}}},"fnMap":{},"branchMap":{},"s":{"0":0,"1":0,"2":0,"3":0,"4":0,"5":0,"6":0,"7":0},"f":{},"b":{}}
,"D:\\Projekty\\music-nestjs-react\\backend\\src\\main.ts": {"path":"D:\\Projekty\\music-nestjs-react\\backend\\src\\main.ts","statementMap":{"0":{"start":{"line":1,"column":0},"end":{"line":1,"column":43}},"1":{"start":{"line":2,"column":0},"end":{"line":2,"column":41}},"2":{"start":{"line":5,"column":14},"end":{"line":5,"column":49}},"3":{"start":{"line":6,"column":2},"end":{"line":6,"column":19}},"4":{"start":{"line":7,"column":2},"end":{"line":7,"column":25}},"5":{"start":{"line":9,"column":0},"end":{"line":9,"column":12}}},"fnMap":{"0":{"name":"bootstrap","decl":{"start":{"line":4,"column":15},"end":{"line":4,"column":24}},"loc":{"start":{"line":4,"column":24},"end":{"line":8,"column":1}}}},"branchMap":{},"s":{"0":0,"1":0,"2":0,"3":0,"4":0,"5":0},"f":{"0":0},"b":{}}
,"D:\\Projekty\\music-nestjs-react\\backend\\src\\wsc.service.ts": {"path":"D:\\Projekty\\music-nestjs-react\\backend\\src\\wsc.service.ts","statementMap":{"0":{"start":{"line":1,"column":0},"end":{"line":1,"column":44}},"1":{"start":{"line":2,"column":0},"end":{"line":2,"column":50}},"2":{"start":{"line":9,"column":7},"end":{"line":51,"column":null}},"3":{"start":{"line":10,"column":31},"end":{"line":10,"column":40}},"4":{"start":{"line":12,"column":21},"end":{"line":12,"column":67}},"5":{"start":{"line":14,"column":28},"end":{"line":25,"column":6}},"6":{"start":{"line":27,"column":21},"end":{"line":31,"column":21}},"7":{"start":{"line":33,"column":4},"end":{"line":41,"column":5}},"8":{"start":{"line":34,"column":6},"end":{"line":40,"column":38}},"9":{"start":{"line":47,"column":19},"end":{"line":47,"column":55}},"10":{"start":{"line":49,"column":4},"end":{"line":49,"column":18}},"11":{"start":{"line":9,"column":13},"end":{"line":9,"column":27}},"12":{"start":{"line":9,"column":13},"end":{"line":51,"column":null}}},"fnMap":{"0":{"name":"(anonymous_2)","decl":{"start":{"line":10,"column":2},"end":{"line":10,"column":31}},"loc":{"start":{"line":10,"column":58},"end":{"line":10,"column":62}}},"1":{"name":"(anonymous_3)","decl":{"start":{"line":11,"column":9},"end":{"line":11,"column":14}},"loc":{"start":{"line":11,"column":41},"end":{"line":50,"column":3}}}},"branchMap":{"0":{"loc":{"start":{"line":33,"column":4},"end":{"line":41,"column":5}},"type":"if","locations":[{"start":{"line":33,"column":4},"end":{"line":41,"column":5}}]}},"s":{"0":1,"1":1,"2":1,"3":0,"4":0,"5":0,"6":0,"7":0,"8":0,"9":0,"10":0,"11":1,"12":1},"f":{"0":0,"1":0},"b":{"0":[0]}}
}
